2016-06-24 21:55:10,361 : INFO : kivy : Factory: 179 symbols loaded
2016-06-24 21:55:10,447 : INFO : kivy : Image: Providers: img_tex, img_imageio, img_dds, img_gif, img_sdl2 (img_pil, img_ffpyplayer ignored)
2016-06-24 21:55:10,573 : INFO : kivy : VideoGstplayer: Using Gstreamer 1.4.5.0
2016-06-24 21:55:10,574 : INFO : kivy : Video: Provider: gstplayer
2016-06-24 21:55:10,587 : INFO : kivy : Loading MPF-MC controller
2016-06-24 21:55:10,588 : INFO : mpfmc : Mission Pinball Framework Media Controller v0.30.0.dev503
2016-06-24 21:55:10,588 : INFO : mpfmc : Machine path: /Users/briancox/Dropbox (TML Team)/SPRE
2016-06-24 21:55:10,588 : INFO : mpfmc : Starting clock at 30.0Hz
2016-06-24 21:55:10,593 : INFO : kivy : Text: Provider: sdl2
2016-06-24 21:55:10,785 : INFO : kivy : OSC: using <multiprocessing> for socket
2016-06-24 21:55:10,787 : INFO : kivy : Window: Provider: sdl2
2016-06-24 21:55:11,358 : INFO : kivy : GL: OpenGL version <b'2.1 NVIDIA-10.4.2 310.41.35f01'>
2016-06-24 21:55:11,358 : INFO : kivy : GL: OpenGL vendor <b'NVIDIA Corporation'>
2016-06-24 21:55:11,358 : INFO : kivy : GL: OpenGL renderer <b'NVIDIA GeForce GT 750M OpenGL Engine'>
2016-06-24 21:55:11,358 : INFO : kivy : GL: OpenGL parsed version: 2, 1
2016-06-24 21:55:11,358 : INFO : kivy : GL: Shading version <b'1.20'>
2016-06-24 21:55:11,359 : INFO : kivy : GL: Texture max size <16384>
2016-06-24 21:55:11,359 : INFO : kivy : GL: Texture max units <16>
2016-06-24 21:55:11,370 : INFO : kivy : Window: auto add sdl2 input provider
2016-06-24 21:55:11,371 : INFO : kivy : Window: virtual keyboard not allowed, single mode, not docked
2016-06-24 21:55:11,396 : INFO : AudioInterface : Initialized 0.30.0-dev16
2016-06-24 21:55:11,400 : INFO : kivy : Base: Start application main loop
2016-06-24 21:55:11,566 : INFO : kivy : GL: NPOT texture support is available
2016-06-24 21:55:11,773 : INFO : MPF-MC BCP Server : Starting up on localhost port 5050
2016-06-24 21:55:11,774 : INFO : MPF-MC BCP Server : Waiting for a connection...
2016-06-24 21:55:16,138 : INFO : MPF-MC BCP Server : Received connection from: 127.0.0.1:64117
2016-06-24 21:55:16,165 : INFO : kivy : Base: Leaving application in progress...
2016-06-24 21:55:16,165 : ERROR : kivy : Cannot add Video widget. Video 'SPRE_AttractMode_2' is not a valid video name.
Traceback (most recent call last):
  File "/Applications/MPF.app/Contents/Frameworks/python/3.5.0/lib/python3.5/site-packages/mpfmc/widgets/video.py", line 15, in __init__
    self.video = self.mc.videos[self.config['video']]
  File "/Applications/MPF.app/Contents/Frameworks/python/3.5.0/lib/python3.5/site-packages/mpf/core/case_insensitive_dict.py", line 14, in __getitem__
    return super().__getitem__(self.__class__.lower(key))
KeyError: 'spre_attractmode_2'

During handling of the above exception, another exception occurred:

Traceback (most recent call last):
  File "/Applications/MPF.app/Contents/Frameworks/python/3.5.0/lib/python3.5/site-packages/mpfmc/commands/mc.py", line 152, in __init__
    thread_stopper=thread_stopper).run()
  File "/Applications/MPF.app/Contents/Resources/kivy/kivy/app.py", line 828, in run
    runTouchApp()
  File "/Applications/MPF.app/Contents/Resources/kivy/kivy/base.py", line 487, in runTouchApp
    EventLoop.window.mainloop()
  File "/Applications/MPF.app/Contents/Resources/kivy/kivy/core/window/window_sdl2.py", line 619, in mainloop
    self._mainloop()
  File "/Applications/MPF.app/Contents/Resources/kivy/kivy/core/window/window_sdl2.py", line 362, in _mainloop
    EventLoop.idle()
  File "/Applications/MPF.app/Contents/Resources/kivy/kivy/base.py", line 327, in idle
    Clock.tick()
  File "/Applications/MPF.app/Contents/Resources/kivy/kivy/clock.py", line 515, in tick
    self._process_events()
  File "/Applications/MPF.app/Contents/Resources/kivy/kivy/clock.py", line 647, in _process_events
    event.tick(self._last_tick, remove)
  File "/Applications/MPF.app/Contents/Resources/kivy/kivy/clock.py", line 406, in tick
    ret = callback(self._dt)
  File "/Applications/MPF.app/Contents/Frameworks/python/3.5.0/lib/python3.5/site-packages/mpfmc/core/mc.py", line 364, in tick
    self.events.process_event_queue()
  File "/Applications/MPF.app/Contents/Frameworks/python/3.5.0/lib/python3.5/site-packages/mpf/core/events.py", line 481, in process_event_queue
    **event[3])
  File "/Applications/MPF.app/Contents/Frameworks/python/3.5.0/lib/python3.5/site-packages/mpf/core/events.py", line 416, in _process_event
    result = handler[0](**merged_kwargs)
  File "/Applications/MPF.app/Contents/Frameworks/python/3.5.0/lib/python3.5/site-packages/mpfmc/core/mc_config_player.py", line 66, in play_from_trigger
    self.play(settings=settings, context=context, priority=priority, **kwargs)
  File "/Applications/MPF.app/Contents/Frameworks/python/3.5.0/lib/python3.5/site-packages/mpfmc/config_players/slide_player.py", line 131, in play
    target.add_and_show_slide(key=full_context, slide_name=slide, **s)
  File "/Applications/MPF.app/Contents/Frameworks/python/3.5.0/lib/python3.5/site-packages/mpfmc/uix/slide_frame.py", line 235, in add_and_show_slide
    priority=priority, key=key)
  File "/Applications/MPF.app/Contents/Frameworks/python/3.5.0/lib/python3.5/site-packages/mpfmc/uix/slide_frame.py", line 167, in add_slide
    play_kwargs=play_kwargs)
  File "/Applications/MPF.app/Contents/Frameworks/python/3.5.0/lib/python3.5/site-packages/mpfmc/uix/slide.py", line 58, in __init__
    play_kwargs=play_kwargs)
  File "/Applications/MPF.app/Contents/Frameworks/python/3.5.0/lib/python3.5/site-packages/mpfmc/uix/slide.py", line 114, in add_widgets_from_config
    mc=self.mc, config=widget, slide=self, key=this_key)
  File "/Applications/MPF.app/Contents/Frameworks/python/3.5.0/lib/python3.5/site-packages/mpfmc/widgets/video.py", line 18, in __init__
    "valid video name.".format(self.config['video']))
ValueError: Cannot add Video widget. Video 'SPRE_AttractMode_2' is not a valid video name.
2016-06-24 21:55:16,168 : INFO : kivy : Stopping child threads... (3 remaining)
2016-06-24 21:55:17,168 : INFO : MPF-MC BCP Server : Stopping BCP sending thread
2016-06-24 21:55:17,177 : INFO : kivy : All child threads stopped.
